1660744307493	geckodriver	INFO	Listening on 127.0.0.1:52839
1660744310560	mozrunner::runner	INFO	Running command: "C:\\Program Files\\Mozilla Firefox\\firefox.exe" "--marionette" "--remote-debugging-port" "52840" "--remote-allow-hosts" "localhost" "-no-remote" "-profile" "C:\\Users\\Salimi\\AppData\\Local\\Temp\\rust_mozprofileR1xMzU"
1660744310945	Marionette	INFO	Marionette enabled
1660744310949	Marionette	INFO	Listening on port 52849
WebDriver BiDi listening on ws://localhost:52840
Read port: 52849
1660744311204	RemoteAgent	WARN	TLS certificate errors will be ignored for this session
console.warn: SearchSettings: "get: No settings file exists, new profile?" (new NotFoundError("Could not open the file at C:\\Users\\Salimi\\AppData\\Local\\Temp\\rust_mozprofileR1xMzU\\search.json.mozlz4", (void 0)))
DevTools listening on ws://localhost:52840/devtools/browser/1c919268-0705-4903-8cb0-c6ba2f7c8d1f
1660744313892	Marionette	WARN	Ignoring event 'DOMContentLoaded' because document has an invalid readyState of 'complete'.
1660744314411	Marionette	WARN	TimedPromise timed out after 500 ms: stacktrace:
TimedPromise/<@chrome://remote/content/marionette/sync.js:237:24
TimedPromise@chrome://remote/content/marionette/sync.js:222:10
interaction.flushEventLoop@chrome://remote/content/marionette/interaction.js:431:10
webdriverClickElement@chrome://remote/content/marionette/interaction.js:179:31
1660744321878	Marionette	INFO	Stopped listening on port 52849
1660744392740	geckodriver	INFO	Listening on 127.0.0.1:52913
1660744395806	mozrunner::runner	INFO	Running command: "C:\\Program Files\\Mozilla Firefox\\firefox.exe" "--marionette" "--remote-debugging-port" "52914" "--remote-allow-hosts" "localhost" "-no-remote" "-profile" "C:\\Users\\Salimi\\AppData\\Local\\Temp\\rust_mozprofileGuW4Eo"
1660744396146	Marionette	INFO	Marionette enabled
1660744396150	Marionette	INFO	Listening on port 52923
WebDriver BiDi listening on ws://localhost:52914
Read port: 52923
1660744396405	RemoteAgent	WARN	TLS certificate errors will be ignored for this session
console.warn: SearchSettings: "get: No settings file exists, new profile?" (new NotFoundError("Could not open the file at C:\\Users\\Salimi\\AppData\\Local\\Temp\\rust_mozprofileGuW4Eo\\search.json.mozlz4", (void 0)))
DevTools listening on ws://localhost:52914/devtools/browser/cc7b7c04-dcde-4d8d-beac-d1f1cbd670aa
1660744399178	Marionette	WARN	Ignoring event 'DOMContentLoaded' because document has an invalid readyState of 'complete'.
1660744406567	Marionette	INFO	Stopped listening on port 52923
1660744452412	geckodriver	INFO	Listening on 127.0.0.1:52983
1660744455495	mozrunner::runner	INFO	Running command: "C:\\Program Files\\Mozilla Firefox\\firefox.exe" "--marionette" "--remote-debugging-port" "52984" "--remote-allow-hosts" "localhost" "-no-remote" "-profile" "C:\\Users\\Salimi\\AppData\\Local\\Temp\\rust_mozprofileXoKbRO"
1660744455826	Marionette	INFO	Marionette enabled
1660744455830	Marionette	INFO	Listening on port 52994
Read port: 52994
WebDriver BiDi listening on ws://localhost:52984
1660744455937	RemoteAgent	WARN	TLS certificate errors will be ignored for this session
console.warn: SearchSettings: "get: No settings file exists, new profile?" (new NotFoundError("Could not open the file at C:\\Users\\Salimi\\AppData\\Local\\Temp\\rust_mozprofileXoKbRO\\search.json.mozlz4", (void 0)))
DevTools listening on ws://localhost:52984/devtools/browser/9a2ea2cc-0f18-4346-bde8-723bf3151df8
1660744458835	Marionette	WARN	Ignoring event 'DOMContentLoaded' because document has an invalid readyState of 'complete'.
1660744459356	Marionette	WARN	TimedPromise timed out after 500 ms: stacktrace:
TimedPromise/<@chrome://remote/content/marionette/sync.js:237:24
TimedPromise@chrome://remote/content/marionette/sync.js:222:10
interaction.flushEventLoop@chrome://remote/content/marionette/interaction.js:431:10
webdriverClickElement@chrome://remote/content/marionette/interaction.js:179:31
1660744462010	Marionette	WARN	TimedPromise timed out after 500 ms: stacktrace:
TimedPromise/<@chrome://remote/content/marionette/sync.js:237:24
TimedPromise@chrome://remote/content/marionette/sync.js:222:10
interaction.flushEventLoop@chrome://remote/content/marionette/interaction.js:431:10
webdriverClickElement@chrome://remote/content/marionette/interaction.js:179:31
1660744467047	Marionette	INFO	Stopped listening on port 52994
1660744527647	geckodriver	INFO	Listening on 127.0.0.1:53056
1660744530724	mozrunner::runner	INFO	Running command: "C:\\Program Files\\Mozilla Firefox\\firefox.exe" "--marionette" "--remote-debugging-port" "53057" "--remote-allow-hosts" "localhost" "-no-remote" "-profile" "C:\\Users\\Salimi\\AppData\\Local\\Temp\\rust_mozprofileF8kdX2"
1660744531053	Marionette	INFO	Marionette enabled
1660744531058	Marionette	INFO	Listening on port 53066
WebDriver BiDi listening on ws://localhost:53057
Read port: 53066
1660744531316	RemoteAgent	WARN	TLS certificate errors will be ignored for this session
console.warn: SearchSettings: "get: No settings file exists, new profile?" (new NotFoundError("Could not open the file at C:\\Users\\Salimi\\AppData\\Local\\Temp\\rust_mozprofileF8kdX2\\search.json.mozlz4", (void 0)))
DevTools listening on ws://localhost:53057/devtools/browser/94ec0f4d-87b3-4a26-9b0d-9ae246997026
1660744534147	Marionette	WARN	Ignoring event 'DOMContentLoaded' because document has an invalid readyState of 'complete'.
1660744541925	Marionette	INFO	Stopped listening on port 53066
1660744584467	geckodriver	INFO	Listening on 127.0.0.1:53136
1660744587533	mozrunner::runner	INFO	Running command: "C:\\Program Files\\Mozilla Firefox\\firefox.exe" "--marionette" "--remote-debugging-port" "53137" "--remote-allow-hosts" "localhost" "-no-remote" "-profile" "C:\\Users\\Salimi\\AppData\\Local\\Temp\\rust_mozprofileMdcvOH"
1660744587868	Marionette	INFO	Marionette enabled
1660744587872	Marionette	INFO	Listening on port 53146
WebDriver BiDi listening on ws://localhost:53137
Read port: 53146
1660744588125	RemoteAgent	WARN	TLS certificate errors will be ignored for this session
console.warn: SearchSettings: "get: No settings file exists, new profile?" (new NotFoundError("Could not open the file at C:\\Users\\Salimi\\AppData\\Local\\Temp\\rust_mozprofileMdcvOH\\search.json.mozlz4", (void 0)))
DevTools listening on ws://localhost:53137/devtools/browser/712fb772-bcb9-4d23-8f19-62a9e9c36617
1660744591111	Marionette	WARN	Ignoring event 'DOMContentLoaded' because document has an invalid readyState of 'complete'.
1660744591631	Marionette	WARN	TimedPromise timed out after 500 ms: stacktrace:
TimedPromise/<@chrome://remote/content/marionette/sync.js:237:24
TimedPromise@chrome://remote/content/marionette/sync.js:222:10
interaction.flushEventLoop@chrome://remote/content/marionette/interaction.js:431:10
webdriverClickElement@chrome://remote/content/marionette/interaction.js:179:31
1660744599310	Marionette	INFO	Stopped listening on port 53146
1660744671045	geckodriver	INFO	Listening on 127.0.0.1:53219
1660744674104	mozrunner::runner	INFO	Running command: "C:\\Program Files\\Mozilla Firefox\\firefox.exe" "--marionette" "--remote-debugging-port" "53220" "--remote-allow-hosts" "localhost" "-no-remote" "-profile" "C:\\Users\\Salimi\\AppData\\Local\\Temp\\rust_mozprofileddB2BU"
1660744674430	Marionette	INFO	Marionette enabled
1660744674434	Marionette	INFO	Listening on port 53229
Read port: 53229
WebDriver BiDi listening on ws://localhost:53220
1660744674546	RemoteAgent	WARN	TLS certificate errors will be ignored for this session
console.warn: SearchSettings: "get: No settings file exists, new profile?" (new NotFoundError("Could not open the file at C:\\Users\\Salimi\\AppData\\Local\\Temp\\rust_mozprofileddB2BU\\search.json.mozlz4", (void 0)))
DevTools listening on ws://localhost:53220/devtools/browser/49d114a6-8903-4882-aec3-81d45800644b
1660744677802	Marionette	WARN	Ignoring event 'DOMContentLoaded' because document has an invalid readyState of 'complete'.
1660744678328	Marionette	WARN	TimedPromise timed out after 500 ms: stacktrace:
TimedPromise/<@chrome://remote/content/marionette/sync.js:237:24
TimedPromise@chrome://remote/content/marionette/sync.js:222:10
interaction.flushEventLoop@chrome://remote/content/marionette/interaction.js:431:10
webdriverClickElement@chrome://remote/content/marionette/interaction.js:179:31
1660744685723	Marionette	INFO	Stopped listening on port 53229
1660744865487	geckodriver	INFO	Listening on 127.0.0.1:53314
1660744868551	mozrunner::runner	INFO	Running command: "C:\\Program Files\\Mozilla Firefox\\firefox.exe" "--marionette" "--remote-debugging-port" "53315" "--remote-allow-hosts" "localhost" "-no-remote" "-profile" "C:\\Users\\Salimi\\AppData\\Local\\Temp\\rust_mozprofileEcYPvf"
1660744868879	Marionette	INFO	Marionette enabled
1660744868884	Marionette	INFO	Listening on port 53325
WebDriver BiDi listening on ws://localhost:53315
Read port: 53325
1660744868993	RemoteAgent	WARN	TLS certificate errors will be ignored for this session
console.warn: SearchSettings: "get: No settings file exists, new profile?" (new NotFoundError("Could not open the file at C:\\Users\\Salimi\\AppData\\Local\\Temp\\rust_mozprofileEcYPvf\\search.json.mozlz4", (void 0)))
DevTools listening on ws://localhost:53315/devtools/browser/6d9cf405-51af-4234-b2f6-d38938e9b4a1
1660744872049	Marionette	WARN	Ignoring event 'DOMContentLoaded' because document has an invalid readyState of 'complete'.
1660744879398	Marionette	INFO	Stopped listening on port 53325
1660745043588	geckodriver	INFO	Listening on 127.0.0.1:53445
1660745046631	mozrunner::runner	INFO	Running command: "C:\\Program Files\\Mozilla Firefox\\firefox.exe" "--marionette" "--remote-debugging-port" "53446" "--remote-allow-hosts" "localhost" "-no-remote" "-profile" "C:\\Users\\Salimi\\AppData\\Local\\Temp\\rust_mozprofileAJcdP8"
1660745047178	Marionette	INFO	Marionette enabled
1660745047186	Marionette	INFO	Listening on port 53455
WebDriver BiDi listening on ws://localhost:53446
Read port: 53455
1660745047320	RemoteAgent	WARN	TLS certificate errors will be ignored for this session
console.warn: SearchSettings: "get: No settings file exists, new profile?" (new NotFoundError("Could not open the file at C:\\Users\\Salimi\\AppData\\Local\\Temp\\rust_mozprofileAJcdP8\\search.json.mozlz4", (void 0)))
DevTools listening on ws://localhost:53446/devtools/browser/10c5c072-58dc-49aa-aa33-1161cfbeeb09
1660745050548	Marionette	WARN	Ignoring event 'DOMContentLoaded' because document has an invalid readyState of 'complete'.
1660745057995	Marionette	INFO	Stopped listening on port 53455
1660745183709	geckodriver	INFO	Listening on 127.0.0.1:53555
1660745186742	mozrunner::runner	INFO	Running command: "C:\\Program Files\\Mozilla Firefox\\firefox.exe" "--marionette" "--remote-debugging-port" "53556" "--remote-allow-hosts" "localhost" "-no-remote" "-profile" "C:\\Users\\Salimi\\AppData\\Local\\Temp\\rust_mozprofileUt4RRG"
1660745187106	Marionette	INFO	Marionette enabled
1660745187110	Marionette	INFO	Listening on port 53567
WebDriver BiDi listening on ws://localhost:53556
Read port: 53567
1660745187319	RemoteAgent	WARN	TLS certificate errors will be ignored for this session
console.warn: SearchSettings: "get: No settings file exists, new profile?" (new NotFoundError("Could not open the file at C:\\Users\\Salimi\\AppData\\Local\\Temp\\rust_mozprofileUt4RRG\\search.json.mozlz4", (void 0)))
DevTools listening on ws://localhost:53556/devtools/browser/1c8ac49f-a515-4eae-b346-221ed09b73b3
1660745190186	Marionette	WARN	Ignoring event 'DOMContentLoaded' because document has an invalid readyState of 'complete'.
1660745197735	Marionette	INFO	Stopped listening on port 53567
1660745269709	geckodriver	INFO	Listening on 127.0.0.1:53644
1660745272806	mozrunner::runner	INFO	Running command: "C:\\Program Files\\Mozilla Firefox\\firefox.exe" "--marionette" "--remote-debugging-port" "53645" "--remote-allow-hosts" "localhost" "-no-remote" "-profile" "C:\\Users\\Salimi\\AppData\\Local\\Temp\\rust_mozprofileENit6v"
1660745273157	Marionette	INFO	Marionette enabled
1660745273161	Marionette	INFO	Listening on port 53656
WebDriver BiDi listening on ws://localhost:53645
Read port: 53656
1660745273411	RemoteAgent	WARN	TLS certificate errors will be ignored for this session
console.warn: SearchSettings: "get: No settings file exists, new profile?" (new NotFoundError("Could not open the file at C:\\Users\\Salimi\\AppData\\Local\\Temp\\rust_mozprofileENit6v\\search.json.mozlz4", (void 0)))
DevTools listening on ws://localhost:53645/devtools/browser/4be81962-3106-47ca-b423-948150f7c940
1660745276271	Marionette	WARN	Ignoring event 'DOMContentLoaded' because document has an invalid readyState of 'complete'.
1660745276794	Marionette	WARN	TimedPromise timed out after 500 ms: stacktrace:
TimedPromise/<@chrome://remote/content/marionette/sync.js:237:24
TimedPromise@chrome://remote/content/marionette/sync.js:222:10
interaction.flushEventLoop@chrome://remote/content/marionette/interaction.js:431:10
webdriverClickElement@chrome://remote/content/marionette/interaction.js:179:31
1660745279498	Marionette	WARN	TimedPromise timed out after 500 ms: stacktrace:
TimedPromise/<@chrome://remote/content/marionette/sync.js:237:24
TimedPromise@chrome://remote/content/marionette/sync.js:222:10
interaction.flushEventLoop@chrome://remote/content/marionette/interaction.js:431:10
webdriverClickElement@chrome://remote/content/marionette/interaction.js:179:31
1660745284752	Marionette	INFO	Stopped listening on port 53656
1660745362246	geckodriver	INFO	Listening on 127.0.0.1:53722
1660745365328	mozrunner::runner	INFO	Running command: "C:\\Program Files\\Mozilla Firefox\\firefox.exe" "--marionette" "--remote-debugging-port" "53723" "--remote-allow-hosts" "localhost" "-no-remote" "-profile" "C:\\Users\\Salimi\\AppData\\Local\\Temp\\rust_mozprofile3p9aZ7"
1660745365672	Marionette	INFO	Marionette enabled
1660745365676	Marionette	INFO	Listening on port 53733
WebDriver BiDi listening on ws://localhost:53723
Read port: 53733
1660745365931	RemoteAgent	WARN	TLS certificate errors will be ignored for this session
console.warn: SearchSettings: "get: No settings file exists, new profile?" (new NotFoundError("Could not open the file at C:\\Users\\Salimi\\AppData\\Local\\Temp\\rust_mozprofile3p9aZ7\\search.json.mozlz4", (void 0)))
DevTools listening on ws://localhost:53723/devtools/browser/71bc15aa-4f2b-4dce-96d8-67457af2f2de
1660745368992	Marionette	WARN	Ignoring event 'DOMContentLoaded' because document has an invalid readyState of 'complete'.
1660745376356	Marionette	INFO	Stopped listening on port 53733
1660745567014	geckodriver	INFO	Listening on 127.0.0.1:53871
1660745570089	mozrunner::runner	INFO	Running command: "C:\\Program Files\\Mozilla Firefox\\firefox.exe" "--marionette" "--remote-debugging-port" "53872" "--remote-allow-hosts" "localhost" "-no-remote" "-profile" "C:\\Users\\Salimi\\AppData\\Local\\Temp\\rust_mozprofilep8W9IQ"
1660745570431	Marionette	INFO	Marionette enabled
1660745570435	Marionette	INFO	Listening on port 53881
WebDriver BiDi listening on ws://localhost:53872
Read port: 53881
1660745570687	RemoteAgent	WARN	TLS certificate errors will be ignored for this session
console.warn: SearchSettings: "get: No settings file exists, new profile?" (new NotFoundError("Could not open the file at C:\\Users\\Salimi\\AppData\\Local\\Temp\\rust_mozprofilep8W9IQ\\search.json.mozlz4", (void 0)))
DevTools listening on ws://localhost:53872/devtools/browser/74c0b7cd-883a-4fcf-b8a0-9e3748ca4db9
1660745573503	Marionette	WARN	Ignoring event 'DOMContentLoaded' because document has an invalid readyState of 'complete'.
1660745580945	Marionette	INFO	Stopped listening on port 53881
1660746006497	geckodriver	INFO	Listening on 127.0.0.1:54081
1660746009577	mozrunner::runner	INFO	Running command: "C:\\Program Files\\Mozilla Firefox\\firefox.exe" "--marionette" "--remote-debugging-port" "54082" "--remote-allow-hosts" "localhost" "-no-remote" "-profile" "C:\\Users\\Salimi\\AppData\\Local\\Temp\\rust_mozprofileVTqtTu"
1660746009925	Marionette	INFO	Marionette enabled
1660746009929	Marionette	INFO	Listening on port 54091
WebDriver BiDi listening on ws://localhost:54082
Read port: 54091
1660746010191	RemoteAgent	WARN	TLS certificate errors will be ignored for this session
console.warn: SearchSettings: "get: No settings file exists, new profile?" (new NotFoundError("Could not open the file at C:\\Users\\Salimi\\AppData\\Local\\Temp\\rust_mozprofileVTqtTu\\search.json.mozlz4", (void 0)))
DevTools listening on ws://localhost:54082/devtools/browser/9f3003c9-0b27-4b33-a17f-dd02252171c7
1660746012991	Marionette	WARN	Ignoring event 'DOMContentLoaded' because document has an invalid readyState of 'complete'.
1660746013511	Marionette	WARN	TimedPromise timed out after 500 ms: stacktrace:
TimedPromise/<@chrome://remote/content/marionette/sync.js:237:24
TimedPromise@chrome://remote/content/marionette/sync.js:222:10
interaction.flushEventLoop@chrome://remote/content/marionette/interaction.js:431:10
webdriverClickElement@chrome://remote/content/marionette/interaction.js:179:31
1660746016187	Marionette	WARN	TimedPromise timed out after 500 ms: stacktrace:
TimedPromise/<@chrome://remote/content/marionette/sync.js:237:24
TimedPromise@chrome://remote/content/marionette/sync.js:222:10
interaction.flushEventLoop@chrome://remote/content/marionette/interaction.js:431:10
webdriverClickElement@chrome://remote/content/marionette/interaction.js:179:31
1660746021240	Marionette	INFO	Stopped listening on port 54091
1660811381347	geckodriver	INFO	Listening on 127.0.0.1:58810
1660811384447	mozrunner::runner	INFO	Running command: "C:\\Program Files\\Mozilla Firefox\\firefox.exe" "--marionette" "--remote-debugging-port" "58811" "--remote-allow-hosts" "localhost" "-no-remote" "-profile" "C:\\Users\\Salimi\\AppData\\Local\\Temp\\rust_mozprofileKTv90L"
1660811384787	Marionette	INFO	Marionette enabled
1660811384792	Marionette	INFO	Listening on port 58820
WebDriver BiDi listening on ws://localhost:58811
Read port: 58820
1660811385045	RemoteAgent	WARN	TLS certificate errors will be ignored for this session
console.warn: SearchSettings: "get: No settings file exists, new profile?" (new NotFoundError("Could not open the file at C:\\Users\\Salimi\\AppData\\Local\\Temp\\rust_mozprofileKTv90L\\search.json.mozlz4", (void 0)))
DevTools listening on ws://localhost:58811/devtools/browser/be51dc6a-5d85-4942-b2dd-04795e564933
1660811387715	Marionette	WARN	Ignoring event 'DOMContentLoaded' because document has an invalid readyState of 'complete'.
1660811416797	Marionette	INFO	Stopped listening on port 58820
JavaScript error: , line 0: TypeError: NetworkError when attempting to fetch resource.
JavaScript error: , line 0: TypeError: NetworkError when attempting to fetch resource.
JavaScript error: , line 0: TypeError: NetworkError when attempting to fetch resource.
1660811453009	geckodriver	INFO	Listening on 127.0.0.1:58918
1660811456068	mozrunner::runner	INFO	Running command: "C:\\Program Files\\Mozilla Firefox\\firefox.exe" "--marionette" "--remote-debugging-port" "58919" "--remote-allow-hosts" "localhost" "-no-remote" "-profile" "C:\\Users\\Salimi\\AppData\\Local\\Temp\\rust_mozprofileNryRmD"
1660811456407	Marionette	INFO	Marionette enabled
1660811456411	Marionette	INFO	Listening on port 58929
WebDriver BiDi listening on ws://localhost:58919
Read port: 58929
1660811456669	RemoteAgent	WARN	TLS certificate errors will be ignored for this session
console.warn: SearchSettings: "get: No settings file exists, new profile?" (new NotFoundError("Could not open the file at C:\\Users\\Salimi\\AppData\\Local\\Temp\\rust_mozprofileNryRmD\\search.json.mozlz4", (void 0)))
DevTools listening on ws://localhost:58919/devtools/browser/092877eb-73de-473a-ad36-30d0e7c5ed01
1660811459755	Marionette	WARN	Ignoring event 'DOMContentLoaded' because document has an invalid readyState of 'complete'.
1660811474191	Marionette	INFO	Stopped listening on port 58929
1660811484634	geckodriver	INFO	Listening on 127.0.0.1:58985
1660811487698	mozrunner::runner	INFO	Running command: "C:\\Program Files\\Mozilla Firefox\\firefox.exe" "--marionette" "--remote-debugging-port" "58986" "--remote-allow-hosts" "localhost" "-no-remote" "-profile" "C:\\Users\\Salimi\\AppData\\Local\\Temp\\rust_mozprofilelze3E0"
1660811488041	Marionette	INFO	Marionette enabled
1660811488046	Marionette	INFO	Listening on port 58995
WebDriver BiDi listening on ws://localhost:58986
Read port: 58995
1660811488302	RemoteAgent	WARN	TLS certificate errors will be ignored for this session
console.warn: SearchSettings: "get: No settings file exists, new profile?" (new NotFoundError("Could not open the file at C:\\Users\\Salimi\\AppData\\Local\\Temp\\rust_mozprofilelze3E0\\search.json.mozlz4", (void 0)))
DevTools listening on ws://localhost:58986/devtools/browser/6a70c77e-9f6d-4888-8fd8-5a314a235ff6
1660811492469	Marionette	WARN	Ignoring event 'DOMContentLoaded' because document has an invalid readyState of 'complete'.
1660811499821	Marionette	INFO	Stopped listening on port 58995
1661410640649	geckodriver	INFO	Listening on 127.0.0.1:57507
1661410643766	mozrunner::runner	INFO	Running command: "C:\\Program Files\\Mozilla Firefox\\firefox.exe" "--marionette" "--remote-debugging-port" "57508" "--remote-allow-hosts" "localhost" "-no-remote" "-profile" "C:\\Users\\Salimi\\AppData\\Local\\Temp\\rust_mozprofileM5kYMT"
1661410644155	Marionette	INFO	Marionette enabled
1661410644159	Marionette	INFO	Listening on port 57517
WebDriver BiDi listening on ws://localhost:57508
Read port: 57517
1661410644280	RemoteAgent	WARN	TLS certificate errors will be ignored for this session
console.warn: SearchSettings: "get: No settings file exists, new profile?" (new NotFoundError("Could not open the file at C:\\Users\\Salimi\\AppData\\Local\\Temp\\rust_mozprofileM5kYMT\\search.json.mozlz4", (void 0)))
DevTools listening on ws://localhost:57508/devtools/browser/c49735b0-8317-4aad-9a4c-d27b5043523d
1661410648643	Marionette	WARN	Ignoring event 'DOMContentLoaded' because document has an invalid readyState of 'complete'.
1661410651472	Marionette	WARN	TimedPromise timed out after 500 ms: stacktrace:
TimedPromise/<@chrome://remote/content/marionette/sync.js:237:24
TimedPromise@chrome://remote/content/marionette/sync.js:222:10
interaction.flushEventLoop@chrome://remote/content/marionette/interaction.js:431:10
webdriverClickElement@chrome://remote/content/marionette/interaction.js:179:31
1661410656512	Marionette	INFO	Stopped listening on port 57517
1661697300178	geckodriver	INFO	Listening on 127.0.0.1:52310
1661697303251	mozrunner::runner	INFO	Running command: "C:\\Program Files\\Mozilla Firefox\\firefox.exe" "--marionette" "--remote-debugging-port" "52311" "--remote-allow-hosts" "localhost" "-no-remote" "-profile" "C:\\Users\\Salimi\\AppData\\Local\\Temp\\rust_mozprofileO2SFp5"
1661697303630	Marionette	INFO	Marionette enabled
1661697303635	Marionette	INFO	Listening on port 52321
WebDriver BiDi listening on ws://localhost:52311
Read port: 52321
1661697303755	RemoteAgent	WARN	TLS certificate errors will be ignored for this session
console.warn: SearchSettings: "get: No settings file exists, new profile?" (new NotFoundError("Could not open the file at C:\\Users\\Salimi\\AppData\\Local\\Temp\\rust_mozprofileO2SFp5\\search.json.mozlz4", (void 0)))
DevTools listening on ws://localhost:52311/devtools/browser/0257a4d1-6dda-4e66-8ba8-f4fa8711c52c
1661697351465	Marionette	WARN	Ignoring event 'DOMContentLoaded' because document has an invalid readyState of 'complete'.
JavaScript error: , line 0: TypeError: NetworkError when attempting to fetch resource.
JavaScript error: , line 0: TypeError: NetworkError when attempting to fetch resource.
1661697388043	Marionette	INFO	Stopped listening on port 52321
console.warn: TopSitesFeed: Failed to fetch data from Contile server: NetworkError when attempting to fetch resource.
1661697418332	geckodriver	INFO	Listening on 127.0.0.1:52418
1661697421372	mozrunner::runner	INFO	Running command: "C:\\Program Files\\Mozilla Firefox\\firefox.exe" "--marionette" "--remote-debugging-port" "52419" "--remote-allow-hosts" "localhost" "-no-remote" "-profile" "C:\\Users\\Salimi\\AppData\\Local\\Temp\\rust_mozprofileRM8EJq"
1661697421706	Marionette	INFO	Marionette enabled
1661697421711	Marionette	INFO	Listening on port 52428
WebDriver BiDi listening on ws://localhost:52419
Read port: 52428
1661697421918	RemoteAgent	WARN	TLS certificate errors will be ignored for this session
console.warn: SearchSettings: "get: No settings file exists, new profile?" (new NotFoundError("Could not open the file at C:\\Users\\Salimi\\AppData\\Local\\Temp\\rust_mozprofileRM8EJq\\search.json.mozlz4", (void 0)))
DevTools listening on ws://localhost:52419/devtools/browser/ae038a71-7c93-407c-979f-f131a7bc509b
1661697425145	Marionette	WARN	Ignoring event 'DOMContentLoaded' because document has an invalid readyState of 'complete'.
1661697432358	Marionette	INFO	Stopped listening on port 52428
Marionette threw an error: TypeError: browsingContext.currentWindowGlobal is null
getMarionetteCommandsActorProxy/get/<@chrome://remote/content/marionette/actors/MarionetteCommandsParent.jsm:337:29

console.warn: TopSitesFeed: Failed to fetch data from Contile server: NetworkError when attempting to fetch resource.
1661697502650	geckodriver	INFO	Listening on 127.0.0.1:52481
1661697505720	mozrunner::runner	INFO	Running command: "C:\\Program Files\\Mozilla Firefox\\firefox.exe" "--marionette" "--remote-debugging-port" "52482" "--remote-allow-hosts" "localhost" "-no-remote" "-profile" "C:\\Users\\Salimi\\AppData\\Local\\Temp\\rust_mozprofiledyu3ZQ"
1661697506381	Marionette	INFO	Marionette enabled
1661697506391	Marionette	INFO	Listening on port 52493
WebDriver BiDi listening on ws://localhost:52482
Read port: 52493
1661697506578	RemoteAgent	WARN	TLS certificate errors will be ignored for this session
console.warn: SearchSettings: "get: No settings file exists, new profile?" (new NotFoundError("Could not open the file at C:\\Users\\Salimi\\AppData\\Local\\Temp\\rust_mozprofiledyu3ZQ\\search.json.mozlz4", (void 0)))
DevTools listening on ws://localhost:52482/devtools/browser/b305955c-715d-4c12-b262-8846b3c26ef4
1661697509930	Marionette	WARN	Ignoring event 'DOMContentLoaded' because document has an invalid readyState of 'complete'.
1661697522623	Marionette	INFO	Stopped listening on port 52493
console.warn: TopSitesFeed: Failed to fetch data from Contile server: NetworkError when attempting to fetch resource.
1661697627559	geckodriver	INFO	Listening on 127.0.0.1:52582
1661697630620	mozrunner::runner	INFO	Running command: "C:\\Program Files\\Mozilla Firefox\\firefox.exe" "--marionette" "--headless" "--disable-gpu" "--remote-debugging-port" "52583" "--remote-allow-hosts" "localhost" "-no-remote" "-profile" "C:\\Users\\Salimi\\AppData\\Local\\Temp\\rust_mozprofilev1nxMv"
*** You are running in headless mode.
1661697630988	Marionette	INFO	Marionette enabled
1661697630993	Marionette	INFO	Listening on port 52593
WebDriver BiDi listening on ws://localhost:52583
Read port: 52593
1661697631197	RemoteAgent	WARN	TLS certificate errors will be ignored for this session
[GFX1-]: RenderCompositorSWGL failed mapping default framebuffer, no dt
console.warn: SearchSettings: "get: No settings file exists, new profile?" (new NotFoundError("Could not open the file at C:\\Users\\Salimi\\AppData\\Local\\Temp\\rust_mozprofilev1nxMv\\search.json.mozlz4", (void 0)))
DevTools listening on ws://localhost:52583/devtools/browser/2e4ff9f6-c478-4ab3-95f6-fd3e98c701b3
1661697634084	Marionette	WARN	Ignoring event 'DOMContentLoaded' because document has an invalid readyState of 'complete'.
1661697674925	geckodriver	INFO	Listening on 127.0.0.1:52643
1661697677990	mozrunner::runner	INFO	Running command: "C:\\Program Files\\Mozilla Firefox\\firefox.exe" "--marionette" "--remote-debugging-port" "52644" "--remote-allow-hosts" "localhost" "-no-remote" "-profile" "C:\\Users\\Salimi\\AppData\\Local\\Temp\\rust_mozprofilenSG05W"
1661697678342	Marionette	INFO	Marionette enabled
1661697678346	Marionette	INFO	Listening on port 52653
WebDriver BiDi listening on ws://localhost:52644
Read port: 52653
1661697678619	RemoteAgent	WARN	TLS certificate errors will be ignored for this session
1661697688455	geckodriver	INFO	Listening on 127.0.0.1:52658
1661697691536	mozrunner::runner	INFO	Running command: "C:\\Program Files\\Mozilla Firefox\\firefox.exe" "--marionette" "--remote-debugging-port" "52659" "--remote-allow-hosts" "localhost" "-no-remote" "-profile" "C:\\Users\\Salimi\\AppData\\Local\\Temp\\rust_mozprofileQ7dUg2"
1661697691920	Marionette	INFO	Marionette enabled
1661697691926	Marionette	INFO	Listening on port 52668
WebDriver BiDi listening on ws://localhost:52659
Read port: 52668
1661697692050	RemoteAgent	WARN	TLS certificate errors will be ignored for this session
console.warn: SearchSettings: "get: No settings file exists, new profile?" (new NotFoundError("Could not open the file at C:\\Users\\Salimi\\AppData\\Local\\Temp\\rust_mozprofileQ7dUg2\\search.json.mozlz4", (void 0)))
DevTools listening on ws://localhost:52659/devtools/browser/223001d2-fa22-4958-a156-83612b4d5b69
1661697695661	Marionette	WARN	Ignoring event 'DOMContentLoaded' because document has an invalid readyState of 'complete'.
JavaScript error: resource://gre/modules/AsyncShutdown.jsm, line 576: NotFoundError: No such JSWindowActor 'DevToolsFrame'
JavaScript error: resource://gre/modules/AsyncShutdown.jsm, line 576: NotFoundError: No such JSWindowActor 'DevToolsFrame'
JavaScript error: resource://gre/modules/AsyncShutdown.jsm, line 576: NotFoundError: No such JSWindowActor 'DevToolsFrame'
1661697710560	Marionette	INFO	Stopped listening on port 52668
1661697730839	geckodriver	INFO	Listening on 127.0.0.1:52715
1661697733891	mozrunner::runner	INFO	Running command: "C:\\Program Files\\Mozilla Firefox\\firefox.exe" "--marionette" "--remote-debugging-port" "52716" "--remote-allow-hosts" "localhost" "-no-remote" "-profile" "C:\\Users\\Salimi\\AppData\\Local\\Temp\\rust_mozprofileJNPF3x"
1661697734231	Marionette	INFO	Marionette enabled
1661697734236	Marionette	INFO	Listening on port 52725
WebDriver BiDi listening on ws://localhost:52716
Read port: 52725
1661697734486	RemoteAgent	WARN	TLS certificate errors will be ignored for this session
console.warn: SearchSettings: "get: No settings file exists, new profile?" (new NotFoundError("Could not open the file at C:\\Users\\Salimi\\AppData\\Local\\Temp\\rust_mozprofileJNPF3x\\search.json.mozlz4", (void 0)))
DevTools listening on ws://localhost:52716/devtools/browser/f66dbea0-a7c9-42e5-9460-d7452e3f6ab9
1661697737507	Marionette	WARN	Ignoring event 'DOMContentLoaded' because document has an invalid readyState of 'complete'.
JavaScript error: resource://gre/modules/AsyncShutdown.jsm, line 576: NotFoundError: No such JSWindowActor 'DevToolsFrame'
JavaScript error: resource://gre/modules/AsyncShutdown.jsm, line 576: NotFoundError: No such JSWindowActor 'DevToolsFrame'
JavaScript error: resource://gre/modules/AsyncShutdown.jsm, line 576: NotFoundError: No such JSWindowActor 'DevToolsFrame'
1661697768780	Marionette	INFO	Stopped listening on port 52725
1661697782080	geckodriver	INFO	Listening on 127.0.0.1:52767
1661697785132	mozrunner::runner	INFO	Running command: "C:\\Program Files\\Mozilla Firefox\\firefox.exe" "--marionette" "--remote-debugging-port" "52768" "--remote-allow-hosts" "localhost" "-no-remote" "-profile" "C:\\Users\\Salimi\\AppData\\Local\\Temp\\rust_mozprofilekmZieh"
1661697785465	Marionette	INFO	Marionette enabled
1661697785469	Marionette	INFO	Listening on port 52777
WebDriver BiDi listening on ws://localhost:52768
Read port: 52777
1661697785718	RemoteAgent	WARN	TLS certificate errors will be ignored for this session
console.warn: SearchSettings: "get: No settings file exists, new profile?" (new NotFoundError("Could not open the file at C:\\Users\\Salimi\\AppData\\Local\\Temp\\rust_mozprofilekmZieh\\search.json.mozlz4", (void 0)))
DevTools listening on ws://localhost:52768/devtools/browser/06ff8c6b-8288-4799-a6b9-a165c8a95cd0
1661697829375	geckodriver	INFO	Listening on 127.0.0.1:52840
1661697832433	mozrunner::runner	INFO	Running command: "C:\\Program Files\\Mozilla Firefox\\firefox.exe" "--marionette" "--remote-debugging-port" "52841" "--remote-allow-hosts" "localhost" "-no-remote" "-profile" "C:\\Users\\Salimi\\AppData\\Local\\Temp\\rust_mozprofileUKHCdm"
1661697832780	Marionette	INFO	Marionette enabled
1661697832784	Marionette	INFO	Listening on port 52850
WebDriver BiDi listening on ws://localhost:52841
Read port: 52850
1661697832915	RemoteAgent	WARN	TLS certificate errors will be ignored for this session
console.warn: SearchSettings: "get: No settings file exists, new profile?" (new NotFoundError("Could not open the file at C:\\Users\\Salimi\\AppData\\Local\\Temp\\rust_mozprofileUKHCdm\\search.json.mozlz4", (void 0)))
DevTools listening on ws://localhost:52841/devtools/browser/f9f459fa-0752-460e-996d-aea6086fbfdd
1661697838151	Marionette	WARN	Ignoring event 'DOMContentLoaded' because document has an invalid readyState of 'complete'.
1661697845568	Marionette	INFO	Stopped listening on port 52850
[Parent 6388, IPC I/O Parent] WARNING: file /builds/worker/checkouts/gecko/ipc/chromium/src/base/process_util_win.cc:167
1661698291078	geckodriver	INFO	Listening on 127.0.0.1:53313
1661698294134	mozrunner::runner	INFO	Running command: "C:\\Program Files\\Mozilla Firefox\\firefox.exe" "--marionette" "--headless" "--disable-gpu" "--remote-debugging-port" "53314" "--remote-allow-hosts" "localhost" "-no-remote" "-profile" "C:\\Users\\Salimi\\AppData\\Local\\Temp\\rust_mozprofileo4omUl"
*** You are running in headless mode.
1661698294473	Marionette	INFO	Marionette enabled
1661698294477	Marionette	INFO	Listening on port 53330
Read port: 53330
WebDriver BiDi listening on ws://localhost:53314
1661698294572	RemoteAgent	WARN	TLS certificate errors will be ignored for this session
[GFX1-]: RenderCompositorSWGL failed mapping default framebuffer, no dt
console.warn: SearchSettings: "get: No settings file exists, new profile?" (new NotFoundError("Could not open the file at C:\\Users\\Salimi\\AppData\\Local\\Temp\\rust_mozprofileo4omUl\\search.json.mozlz4", (void 0)))
DevTools listening on ws://localhost:53314/devtools/browser/27081300-5bce-40b1-b6d8-61ab3eecb9d6
1661698297228	Marionette	WARN	Ignoring event 'DOMContentLoaded' because document has an invalid readyState of 'complete'.
1661698333289	geckodriver	INFO	Listening on 127.0.0.1:53374
1661698336349	mozrunner::runner	INFO	Running command: "C:\\Program Files\\Mozilla Firefox\\firefox.exe" "--marionette" "--headless" "--disable-gpu" "--remote-debugging-port" "53375" "--remote-allow-hosts" "localhost" "-no-remote" "-profile" "C:\\Users\\Salimi\\AppData\\Local\\Temp\\rust_mozprofilepHSg46"
*** You are running in headless mode.
1661698336701	Marionette	INFO	Marionette enabled
1661698336706	Marionette	INFO	Listening on port 53384
WebDriver BiDi listening on ws://localhost:53375
Read port: 53384
1661698336943	RemoteAgent	WARN	TLS certificate errors will be ignored for this session
[GFX1-]: RenderCompositorSWGL failed mapping default framebuffer, no dt
console.warn: SearchSettings: "get: No settings file exists, new profile?" (new NotFoundError("Could not open the file at C:\\Users\\Salimi\\AppData\\Local\\Temp\\rust_mozprofilepHSg46\\search.json.mozlz4", (void 0)))
DevTools listening on ws://localhost:53375/devtools/browser/ce62f84b-0e03-4922-af36-fac110217482
1661698339308	Marionette	WARN	Ignoring event 'DOMContentLoaded' because document has an invalid readyState of 'complete'.
1661698394666	geckodriver	INFO	Listening on 127.0.0.1:53432
1661698397715	mozrunner::runner	INFO	Running command: "C:\\Program Files\\Mozilla Firefox\\firefox.exe" "--marionette" "--remote-debugging-port" "53433" "--remote-allow-hosts" "localhost" "-no-remote" "-profile" "C:\\Users\\Salimi\\AppData\\Local\\Temp\\rust_mozprofilesj6TLM"
1661698398053	Marionette	INFO	Marionette enabled
1661698398058	Marionette	INFO	Listening on port 53443
WebDriver BiDi listening on ws://localhost:53433
Read port: 53443
1661698398265	RemoteAgent	WARN	TLS certificate errors will be ignored for this session
console.warn: SearchSettings: "get: No settings file exists, new profile?" (new NotFoundError("Could not open the file at C:\\Users\\Salimi\\AppData\\Local\\Temp\\rust_mozprofilesj6TLM\\search.json.mozlz4", (void 0)))
DevTools listening on ws://localhost:53433/devtools/browser/991688a9-36cf-49be-a05a-a119978da56b
1661698401360	Marionette	WARN	Ignoring event 'DOMContentLoaded' because document has an invalid readyState of 'complete'.
1661698408761	Marionette	INFO	Stopped listening on port 53443
1661698422285	geckodriver	INFO	Listening on 127.0.0.1:53501
1661698425351	mozrunner::runner	INFO	Running command: "C:\\Program Files\\Mozilla Firefox\\firefox.exe" "--marionette" "--remote-debugging-port" "53502" "--remote-allow-hosts" "localhost" "-no-remote" "-profile" "C:\\Users\\Salimi\\AppData\\Local\\Temp\\rust_mozprofilehARMQB"
1661698425683	Marionette	INFO	Marionette enabled
1661698425687	Marionette	INFO	Listening on port 53511
WebDriver BiDi listening on ws://localhost:53502
Read port: 53511
1661698425896	RemoteAgent	WARN	TLS certificate errors will be ignored for this session
console.warn: SearchSettings: "get: No settings file exists, new profile?" (new NotFoundError("Could not open the file at C:\\Users\\Salimi\\AppData\\Local\\Temp\\rust_mozprofilehARMQB\\search.json.mozlz4", (void 0)))
DevTools listening on ws://localhost:53502/devtools/browser/75c942a3-dc34-4dac-a1fe-7e53fda44c74
1661698428798	Marionette	WARN	Ignoring event 'DOMContentLoaded' because document has an invalid readyState of 'complete'.
1661698436206	Marionette	INFO	Stopped listening on port 53511
1661698448411	geckodriver	INFO	Listening on 127.0.0.1:53564
1661698451493	mozrunner::runner	INFO	Running command: "C:\\Program Files\\Mozilla Firefox\\firefox.exe" "--marionette" "--remote-debugging-port" "53565" "--remote-allow-hosts" "localhost" "-no-remote" "-profile" "C:\\Users\\Salimi\\AppData\\Local\\Temp\\rust_mozprofilecYrOFc"
1661698451865	Marionette	INFO	Marionette enabled
1661698451870	Marionette	INFO	Listening on port 53574
WebDriver BiDi listening on ws://localhost:53565
Read port: 53574
1661698452001	RemoteAgent	WARN	TLS certificate errors will be ignored for this session
console.warn: SearchSettings: "get: No settings file exists, new profile?" (new NotFoundError("Could not open the file at C:\\Users\\Salimi\\AppData\\Local\\Temp\\rust_mozprofilecYrOFc\\search.json.mozlz4", (void 0)))
DevTools listening on ws://localhost:53565/devtools/browser/f809a635-be0b-4a3c-9a35-ceccef4ce99c
1661698455865	Marionette	WARN	Ignoring event 'DOMContentLoaded' because document has an invalid readyState of 'complete'.
1661698463904	Marionette	INFO	Stopped listening on port 53574
